<?xml version="1.0" encoding="UTF-8"?>
<!-- Generated by org.testng.reporters.JUnitReportReporter -->
<testsuite skipped="0" hostname="DESKTOP-KTPP931" name="TestCase.Autosaggesation" tests="1" failures="0" timestamp="15 Dec 2021 03:32:54 GMT" time="13.129" errors="0">
  <testcase name="dropdownsuggestion" time="13.129" classname="TestCase.Autosaggesation"/>
</testsuite> <!-- TestCase.Autosaggesation -->
