<?xml version="1.0" encoding="UTF-8"?>
<!-- Generated by org.testng.reporters.JUnitReportReporter -->
<testsuite skipped="0" hostname="DESKTOP-KTPP931" name="TestCase.GoogleApp" tests="1" failures="0" timestamp="27 Dec 2021 03:56:56 GMT" time="3.262" errors="0">
  <testcase name="googleApp" time="3.262" classname="TestCase.GoogleApp"/>
</testsuite> <!-- TestCase.GoogleApp -->
