<?xml version="1.0" encoding="UTF-8"?>
<!-- Generated by org.testng.reporters.JUnitReportReporter -->
<testsuite skipped="0" hostname="DESKTOP-KTPP931" name="TestCase.CalendarPopUp" tests="1" failures="0" timestamp="24 Nov 2021 07:17:25 GMT" time="12.231" errors="0">
  <testcase name="calendate" time="12.231" classname="TestCase.CalendarPopUp"/>
</testsuite> <!-- TestCase.CalendarPopUp -->
